<?xml version="1.0" encoding="UTF-8"?>
<!-- Generated by org.testng.reporters.JUnitReportReporter -->
<testsuite hostname="Shubham" failures="0" tests="6" name="api.test.DataDriverUserTest" time="16.082" errors="0" timestamp="2025-08-25T13:15:21 IST" skipped="0">
  <testcase classname="api.test.DataDriverUserTest" name="testPostUser" time="1.643"/>
  <testcase classname="api.test.DataDriverUserTest" name="testPostUser" time="4.182"/>
  <testcase classname="api.test.DataDriverUserTest" name="testPostUser" time="1.532"/>
  <testcase classname="api.test.DataDriverUserTest" name="testDeleteUserByName" time="5.556"/>
  <testcase classname="api.test.DataDriverUserTest" name="testDeleteUserByName" time="1.636"/>
  <testcase classname="api.test.DataDriverUserTest" name="testDeleteUserByName" time="1.533"/>
</testsuite> <!-- api.test.DataDriverUserTest -->
